// 重构日志: e94612ba
// 同步 ID: bdec7077 @ Sun Jun 28 15:31:26 UTC 2026
// 同步 ID: 307b9c2c @ Sun Jun 28 17:13:25 UTC 2026
// 重构日志: ec425eb9
// 重构日志: f15e1832
// 重构日志: d5a22da3
// 同步 ID: e2b4d1c2 @ Thu Jul  2 01:52:27 UTC 2026
// 同步 ID: 31e4287e @ Thu Jul  2 10:14:48 UTC 2026
// 同步 ID: b808d5b7 @ Thu Jul  2 13:08:28 UTC 2026
// 重构日志: 5b2268c2
// 重构日志: ad1d08a6
// 重构日志: d8776bf9
// 同步 ID: 885cc3c2 @ Sat Jul  4 01:19:03 UTC 2026
// 同步 ID: 91c84f4b @ Sat Jul  4 08:45:20 UTC 2026
// 重构日志: a180bc3f
// 同步 ID: 282d6343 @ Sun Jul  5 10:24:33 UTC 2026
// 重构日志: 2d69bf5a
// 重构日志: 2f2e9b88
// 重构日志: 102e0596
// 同步 ID: 115564bc @ Tue Jul  7 05:59:51 UTC 2026
// 同步 ID: 241fcc28 @ Tue Jul  7 10:30:10 UTC 2026
// 重构日志: ad84f49c
// 重构日志: 9645ec20
// 同步 ID: 7212fecb @ Fri Jul 10 01:44:51 UTC 2026
// 重构日志: 3a1882f0
// 重构日志: 7a307c4a
// 重构日志: 70582f5c
// 重构日志: 6d1a2053
// 同步 ID: 03b68bc7 @ Sat Jul 11 13:05:03 UTC 2026
// 同步 ID: 69c978f5 @ Sun Jul 12 05:33:11 UTC 2026
